2022-08-21 22:21:26,059 INFO [main] k.a.h.c.HelloSpringBootApplication [StartupInfoLogger.java:55] Starting HelloSpringBootApplication using Java 1.8.0_181 on DESKTOP-K6G7LR6 with PID 8796 (C:\Users\MingCo\git\Web\helloSpringBoot\target\classes started by MingCo in C:\Users\MingCo\git\Web\helloSpringBoot)
2022-08-21 22:21:26,068 DEBUG [main] k.a.h.c.HelloSpringBootApplication [StartupInfoLogger.java:56] Running with Spring Boot v2.7.2, Spring v5.3.22
2022-08-21 22:21:26,069 INFO [main] k.a.h.c.HelloSpringBootApplication [SpringApplication.java:634] No active profile set, falling back to 1 default profile: "default"
2022-08-21 22:21:27,722 INFO [main] o.s.b.w.e.t.TomcatWebServer [TomcatWebServer.java:108] Tomcat initialized with port(s): 9000 (http)
2022-08-21 22:21:27,735 INFO [main] o.a.c.h.Http11NioProtocol [DirectJDKLog.java:173] Initializing ProtocolHandler ["http-nio-9000"]
2022-08-21 22:21:27,736 INFO [main] o.a.c.c.StandardService [DirectJDKLog.java:173] Starting service [Tomcat]
2022-08-21 22:21:27,737 INFO [main] o.a.c.c.StandardEngine [DirectJDKLog.java:173] Starting Servlet engine: [Apache Tomcat/9.0.65]
2022-08-21 22:21:27,990 INFO [main] o.a.c.c.C.[.[.[/] [DirectJDKLog.java:173] Initializing Spring embedded WebApplicationContext
2022-08-21 22:21:27,991 INFO [main] o.s.b.w.s.c.ServletWebServerApplicationContext [ServletWebServerApplicationContext.java:292] Root WebApplicationContext: initialization completed in 1827 ms
2022-08-21 22:21:28,205 WARN [main] o.s.b.a.s.s.UserDetailsServiceAutoConfiguration [UserDetailsServiceAutoConfiguration.java:88] 

Using generated security password: df9230db-10f1-46a2-914b-2d0438dfa0d4

This generated password is for development use only. Your security configuration must be updated before running your application in production.

2022-08-21 22:21:28,334 INFO [main] o.s.s.w.DefaultSecurityFilterChain [DefaultSecurityFilterChain.java:55] Will secure any request with [org.springframework.security.web.session.DisableEncodeUrlFilter@5d1e09bc, org.springframework.security.web.context.request.async.WebAsyncManagerIntegrationFilter@4bdc8b5d, org.springframework.security.web.context.SecurityContextPersistenceFilter@10ec523c, org.springframework.security.web.header.HeaderWriterFilter@ff6077, org.springframework.security.web.authentication.logout.LogoutFilter@5ca1f591, org.springframework.security.web.savedrequest.RequestCacheAwareFilter@79767781, org.springframework.security.web.servletapi.SecurityContextHolderAwareRequestFilter@2d6aca33, org.springframework.security.web.authentication.AnonymousAuthenticationFilter@3bcd426c, org.springframework.security.web.session.SessionManagementFilter@30135202, org.springframework.security.web.access.ExceptionTranslationFilter@60723d6a, org.springframework.security.web.access.intercept.AuthorizationFilter@7a18e8d]
2022-08-21 22:21:28,529 INFO [main] o.s.b.a.w.s.WelcomePageHandlerMapping [WelcomePageHandlerMapping.java:57] Adding welcome page template: index
2022-08-21 22:21:28,716 INFO [main] o.a.c.h.Http11NioProtocol [DirectJDKLog.java:173] Starting ProtocolHandler ["http-nio-9000"]
2022-08-21 22:21:28,727 WARN [main] o.s.b.w.s.c.AnnotationConfigServletWebServerApplicationContext [AbstractApplicationContext.java:591] Exception encountered during context initialization - cancelling refresh attempt: org.springframework.context.ApplicationContextException: Failed to start bean 'webServerStartStop'; nested exception is org.springframework.boot.web.server.PortInUseException: Port 9000 is already in use
2022-08-21 22:21:28,731 INFO [main] o.a.c.h.Http11NioProtocol [DirectJDKLog.java:173] Pausing ProtocolHandler ["http-nio-9000"]
2022-08-21 22:21:28,732 INFO [main] o.a.c.c.StandardService [DirectJDKLog.java:173] Stopping service [Tomcat]
2022-08-21 22:21:28,743 INFO [main] o.a.c.h.Http11NioProtocol [DirectJDKLog.java:173] Stopping ProtocolHandler ["http-nio-9000"]
2022-08-21 22:21:28,744 INFO [main] o.a.c.h.Http11NioProtocol [DirectJDKLog.java:173] Destroying ProtocolHandler ["http-nio-9000"]
2022-08-21 22:21:28,757 INFO [main] o.s.b.a.l.ConditionEvaluationReportLoggingListener [ConditionEvaluationReportLoggingListener.java:136] 

Error starting ApplicationContext. To display the conditions report re-run your application with 'debug' enabled.
2022-08-21 22:21:28,795 ERROR [main] o.s.b.d.LoggingFailureAnalysisReporter [LoggingFailureAnalysisReporter.java:40] 

***************************
APPLICATION FAILED TO START
***************************

Description:

Web server failed to start. Port 9000 was already in use.

Action:

Identify and stop the process that's listening on port 9000 or configure this application to listen on another port.

2022-08-21 22:21:57,913 INFO [main] k.a.h.c.HelloSpringBootApplication [StartupInfoLogger.java:55] Starting HelloSpringBootApplication using Java 1.8.0_181 on DESKTOP-K6G7LR6 with PID 20888 (C:\Users\MingCo\git\Web\helloSpringBoot\target\classes started by MingCo in C:\Users\MingCo\git\Web\helloSpringBoot)
2022-08-21 22:21:57,918 DEBUG [main] k.a.h.c.HelloSpringBootApplication [StartupInfoLogger.java:56] Running with Spring Boot v2.7.2, Spring v5.3.22
2022-08-21 22:21:57,920 INFO [main] k.a.h.c.HelloSpringBootApplication [SpringApplication.java:634] No active profile set, falling back to 1 default profile: "default"
2022-08-21 22:21:59,253 INFO [main] o.s.b.w.e.t.TomcatWebServer [TomcatWebServer.java:108] Tomcat initialized with port(s): 9000 (http)
2022-08-21 22:21:59,264 INFO [main] o.a.c.h.Http11NioProtocol [DirectJDKLog.java:173] Initializing ProtocolHandler ["http-nio-9000"]
2022-08-21 22:21:59,264 INFO [main] o.a.c.c.StandardService [DirectJDKLog.java:173] Starting service [Tomcat]
2022-08-21 22:21:59,265 INFO [main] o.a.c.c.StandardEngine [DirectJDKLog.java:173] Starting Servlet engine: [Apache Tomcat/9.0.65]
2022-08-21 22:21:59,444 INFO [main] o.a.c.c.C.[.[.[/] [DirectJDKLog.java:173] Initializing Spring embedded WebApplicationContext
2022-08-21 22:21:59,445 INFO [main] o.s.b.w.s.c.ServletWebServerApplicationContext [ServletWebServerApplicationContext.java:292] Root WebApplicationContext: initialization completed in 1448 ms
2022-08-21 22:21:59,699 WARN [main] o.s.b.a.s.s.UserDetailsServiceAutoConfiguration [UserDetailsServiceAutoConfiguration.java:88] 

Using generated security password: 0d91f923-9e38-4859-bd07-8e97ec6a3949

This generated password is for development use only. Your security configuration must be updated before running your application in production.

2022-08-21 22:21:59,805 INFO [main] o.s.s.w.DefaultSecurityFilterChain [DefaultSecurityFilterChain.java:55] Will secure any request with [org.springframework.security.web.session.DisableEncodeUrlFilter@5d1e09bc, org.springframework.security.web.context.request.async.WebAsyncManagerIntegrationFilter@4bdc8b5d, org.springframework.security.web.context.SecurityContextPersistenceFilter@10ec523c, org.springframework.security.web.header.HeaderWriterFilter@ff6077, org.springframework.security.web.authentication.logout.LogoutFilter@5ca1f591, org.springframework.security.web.savedrequest.RequestCacheAwareFilter@79767781, org.springframework.security.web.servletapi.SecurityContextHolderAwareRequestFilter@2d6aca33, org.springframework.security.web.authentication.AnonymousAuthenticationFilter@3bcd426c, org.springframework.security.web.session.SessionManagementFilter@30135202, org.springframework.security.web.access.ExceptionTranslationFilter@60723d6a, org.springframework.security.web.access.intercept.AuthorizationFilter@7a18e8d]
2022-08-21 22:21:59,964 INFO [main] o.s.b.a.w.s.WelcomePageHandlerMapping [WelcomePageHandlerMapping.java:57] Adding welcome page template: index
2022-08-21 22:22:00,118 INFO [main] o.a.c.h.Http11NioProtocol [DirectJDKLog.java:173] Starting ProtocolHandler ["http-nio-9000"]
2022-08-21 22:22:00,145 INFO [main] o.s.b.w.e.t.TomcatWebServer [TomcatWebServer.java:220] Tomcat started on port(s): 9000 (http) with context path ''
2022-08-21 22:22:00,157 INFO [main] k.a.h.c.HelloSpringBootApplication [StartupInfoLogger.java:61] Started HelloSpringBootApplication in 2.772 seconds (JVM running for 5.213)
2022-08-21 22:22:13,025 INFO [http-nio-9000-exec-1] o.a.c.c.C.[.[.[/] [DirectJDKLog.java:173] Initializing Spring DispatcherServlet 'dispatcherServlet'
2022-08-21 22:22:13,025 INFO [http-nio-9000-exec-1] o.s.w.s.DispatcherServlet [FrameworkServlet.java:525] Initializing Servlet 'dispatcherServlet'
2022-08-21 22:22:13,027 INFO [http-nio-9000-exec-1] o.s.w.s.DispatcherServlet [FrameworkServlet.java:547] Completed initialization in 1 ms
2022-08-21 22:22:13,107 DEBUG [http-nio-9000-exec-1] k.a.h.c.c.HomeController [HomeController.java:19] Calling home()
2022-08-22 22:12:00,585 INFO [RMI TCP Connection(2)-127.0.0.1] o.s.b.a.SpringApplicationAdminMXBeanRegistrar$SpringApplicationAdmin [SpringApplicationAdminMXBeanRegistrar.java:159] Application shutdown requested.
